<?xml version="1.0" encoding="UTF-8"?>
<!-- Generated by org.testng.reporters.JUnitReportReporter -->
<testsuite hostname="illuris-MacBook-Air.local" failures="0" tests="16" name="com.logintest.LoginTest" time="32.919" errors="0" timestamp="2026-02-22T04:05:12 IST" skipped="0">
  <testcase classname="com.logintest.LoginTest" name="testCorrectEmailWrongPassword" time="2.656"/>
  <testcase classname="com.logintest.LoginTest" name="testEmailMaxLengthBoundary" time="1.225"/>
  <testcase classname="com.logintest.LoginTest" name="testSQLInjection" time="2.560"/>
  <testcase classname="com.logintest.LoginTest" name="testValidLogin" time="2.495"/>
  <testcase classname="com.logintest.LoginTest" name="testInvalidEmailFormat" time="1.257"/>
  <testcase classname="com.logintest.LoginTest" name="testSpacesOnlyInput" time="2.534"/>
  <testcase classname="com.logintest.LoginTest" name="testEnterKeySubmission" time="2.470"/>
  <testcase classname="com.logintest.LoginTest" name="testPasswordMismatch" time="2.581"/>
  <testcase classname="com.logintest.LoginTest" name="testInvalidLogin" time="2.576"/>
  <testcase classname="com.logintest.LoginTest" name="testPasswordMaxBoundary" time="1.265"/>
  <testcase classname="com.logintest.LoginTest" name="testPasswordMinBoundary" time="1.262"/>
  <testcase classname="com.logintest.LoginTest" name="testRegistrationSuccess" time="2.595"/>
  <testcase classname="com.logintest.LoginTest" name="testPasswordVisibilityToggle" time="1.244"/>
  <testcase classname="com.logintest.LoginTest" name="testEmptyFields" time="2.384"/>
  <testcase classname="com.logintest.LoginTest" name="testLeadingTrailingSpaces" time="2.487"/>
  <testcase classname="com.logintest.LoginTest" name="testPasswordStrengthMeter" time="1.328"/>
</testsuite> <!-- com.logintest.LoginTest -->
