<?xml version="1.0" encoding="UTF-8"?>
<!-- Generated by org.testng.reporters.JUnitReportReporter -->
<testsuite hostname="illuris-MacBook-Air.local" failures="0" tests="7" name="com.logintest.LoginTest" time="9.770" errors="0" timestamp="2026-02-09T23:12:06 IST" skipped="0">
  <testcase classname="com.logintest.LoginTest" name="testValidLogin" time="1.498"/>
  <testcase classname="com.logintest.LoginTest" name="testInvalidLogin" time="1.894"/>
  <testcase classname="com.logintest.LoginTest" name="testEmptyFields" time="1.247"/>
  <testcase classname="com.logintest.LoginTest" name="testBoundaryLongInput" time="1.156"/>
  <testcase classname="com.logintest.LoginTest" name="testBoundaryMinPassword" time="1.180"/>
  <testcase classname="com.logintest.LoginTest" name="testSQLInjectionAttempt" time="1.250"/>
  <testcase classname="com.logintest.LoginTest" name="testPasswordStrength" time="1.545"/>
</testsuite> <!-- com.logintest.LoginTest -->
