<?xml version="1.0" encoding="UTF-8"?>
<!-- Generated by org.testng.reporters.JUnitXMLReporter -->
<testsuite ignored="0" hostname="illuris-MacBook-Air.local" failures="0" tests="7" name="Surefire test" time="9.974" errors="0" timestamp="2026-02-09T23:12:06 IST">
  <testcase classname="com.logintest.LoginTest" name="testValidLogin" time="0.195"/>
  <testcase classname="com.logintest.LoginTest" name="testInvalidLogin" time="0.706"/>
  <testcase classname="com.logintest.LoginTest" name="testEmptyFields" time="0.056"/>
  <testcase classname="com.logintest.LoginTest" name="testBoundaryLongInput" time="0.117"/>
  <testcase classname="com.logintest.LoginTest" name="testBoundaryMinPassword" time="0.103"/>
  <testcase classname="com.logintest.LoginTest" name="testSQLInjectionAttempt" time="0.156"/>
  <testcase classname="com.logintest.LoginTest" name="testPasswordStrength" time="0.164"/>
</testsuite> <!-- Surefire test -->
