<?xml version="1.0" encoding="UTF-8"?>
<!-- Generated by org.testng.reporters.JUnitXMLReporter -->
<testsuite ignored="0" hostname="illuris-MacBook-Air.local" failures="0" tests="16" name="Surefire test" time="33.144" errors="0" timestamp="2026-02-22T04:05:12 IST">
  <testcase classname="com.logintest.LoginTest" name="testCorrectEmailWrongPassword" time="1.52"/>
  <testcase classname="com.logintest.LoginTest" name="testEmailMaxLengthBoundary" time="0.112"/>
  <testcase classname="com.logintest.LoginTest" name="testEmptyFields" time="1.289"/>
  <testcase classname="com.logintest.LoginTest" name="testEnterKeySubmission" time="1.358"/>
  <testcase classname="com.logintest.LoginTest" name="testInvalidEmailFormat" time="0.13"/>
  <testcase classname="com.logintest.LoginTest" name="testInvalidLogin" time="1.386"/>
  <testcase classname="com.logintest.LoginTest" name="testLeadingTrailingSpaces" time="1.385"/>
  <testcase classname="com.logintest.LoginTest" name="testPasswordMaxBoundary" time="0.103"/>
  <testcase classname="com.logintest.LoginTest" name="testPasswordMinBoundary" time="0.091"/>
  <testcase classname="com.logintest.LoginTest" name="testPasswordMismatch" time="1.439"/>
  <testcase classname="com.logintest.LoginTest" name="testPasswordStrengthMeter" time="0.176"/>
  <testcase classname="com.logintest.LoginTest" name="testPasswordVisibilityToggle" time="0.12"/>
  <testcase classname="com.logintest.LoginTest" name="testRegistrationSuccess" time="1.423"/>
  <testcase classname="com.logintest.LoginTest" name="testSQLInjection" time="1.393"/>
  <testcase classname="com.logintest.LoginTest" name="testSpacesOnlyInput" time="1.366"/>
  <testcase classname="com.logintest.LoginTest" name="testValidLogin" time="1.37"/>
</testsuite> <!-- Surefire test -->
