<?xml version="1.0" encoding="UTF-8"?>
<testng-results ignored="0" total="7" passed="7" failed="0" skipped="0">
  <reporter-output>
  </reporter-output>
  <suite started-at="2026-02-09T23:11:56 IST" name="Surefire suite" finished-at="2026-02-09T23:12:06 IST" duration-ms="9974">
    <groups>
    </groups>
    <test started-at="2026-02-09T23:11:56 IST" name="Surefire test" finished-at="2026-02-09T23:12:06 IST" duration-ms="9974">
      <class name="com.logintest.LoginTest">
        <test-method is-config="true" signature="setupDatabase()[pri:0, instance:com.logintest.LoginTest@65d6b83b]" started-at="2026-02-09T23:11:56 IST" name="setupDatabase" finished-at="2026-02-09T23:11:56 IST" duration-ms="189" status="PASS">
          <reporter-output>
          </reporter-output>
        </test-method> <!-- setupDatabase -->
        <test-method is-config="true" signature="setup()[pri:0, instance:com.logintest.LoginTest@65d6b83b]" started-at="2026-02-09T23:11:56 IST" name="setup" finished-at="2026-02-09T23:11:57 IST" duration-ms="1014" status="PASS">
          <reporter-output>
          </reporter-output>
        </test-method> <!-- setup -->
        <test-method signature="testValidLogin()[pri:1, instance:com.logintest.LoginTest@65d6b83b]" started-at="2026-02-09T23:11:57 IST" name="testValidLogin" description="Test login with valid credentials" finished-at="2026-02-09T23:11:57 IST" duration-ms="195" status="PASS">
          <reporter-output>
          </reporter-output>
        </test-method> <!-- testValidLogin -->
        <test-method is-config="true" signature="tearDown()[pri:0, instance:com.logintest.LoginTest@65d6b83b]" started-at="2026-02-09T23:11:57 IST" name="tearDown" finished-at="2026-02-09T23:11:57 IST" duration-ms="80" status="PASS">
          <reporter-output>
          </reporter-output>
        </test-method> <!-- tearDown -->
        <test-method is-config="true" signature="setup()[pri:0, instance:com.logintest.LoginTest@65d6b83b]" started-at="2026-02-09T23:11:57 IST" name="setup" finished-at="2026-02-09T23:11:58 IST" duration-ms="1107" status="PASS">
          <reporter-output>
          </reporter-output>
        </test-method> <!-- setup -->
        <test-method signature="testInvalidLogin()[pri:2, instance:com.logintest.LoginTest@65d6b83b]" started-at="2026-02-09T23:11:58 IST" name="testInvalidLogin" description="Test login with invalid credentials" finished-at="2026-02-09T23:11:59 IST" duration-ms="706" status="PASS">
          <reporter-output>
          </reporter-output>
        </test-method> <!-- testInvalidLogin -->
        <test-method is-config="true" signature="tearDown()[pri:0, instance:com.logintest.LoginTest@65d6b83b]" started-at="2026-02-09T23:11:59 IST" name="tearDown" finished-at="2026-02-09T23:11:59 IST" duration-ms="87" status="PASS">
          <reporter-output>
          </reporter-output>
        </test-method> <!-- tearDown -->
        <test-method is-config="true" signature="setup()[pri:0, instance:com.logintest.LoginTest@65d6b83b]" started-at="2026-02-09T23:11:59 IST" name="setup" finished-at="2026-02-09T23:12:00 IST" duration-ms="1220" status="PASS">
          <reporter-output>
          </reporter-output>
        </test-method> <!-- setup -->
        <test-method signature="testEmptyFields()[pri:3, instance:com.logintest.LoginTest@65d6b83b]" started-at="2026-02-09T23:12:00 IST" name="testEmptyFields" description="Test empty fields validation" finished-at="2026-02-09T23:12:00 IST" duration-ms="56" status="PASS">
          <reporter-output>
          </reporter-output>
        </test-method> <!-- testEmptyFields -->
        <test-method is-config="true" signature="tearDown()[pri:0, instance:com.logintest.LoginTest@65d6b83b]" started-at="2026-02-09T23:12:00 IST" name="tearDown" finished-at="2026-02-09T23:12:00 IST" duration-ms="85" status="PASS">
          <reporter-output>
          </reporter-output>
        </test-method> <!-- tearDown -->
        <test-method is-config="true" signature="setup()[pri:0, instance:com.logintest.LoginTest@65d6b83b]" started-at="2026-02-09T23:12:00 IST" name="setup" finished-at="2026-02-09T23:12:02 IST" duration-ms="1294" status="PASS">
          <reporter-output>
          </reporter-output>
        </test-method> <!-- setup -->
        <test-method signature="testBoundaryLongInput()[pri:4, instance:com.logintest.LoginTest@65d6b83b]" started-at="2026-02-09T23:12:02 IST" name="testBoundaryLongInput" description="Test field behavior with extremely long input" finished-at="2026-02-09T23:12:02 IST" duration-ms="117" status="PASS">
          <reporter-output>
          </reporter-output>
        </test-method> <!-- testBoundaryLongInput -->
        <test-method is-config="true" signature="tearDown()[pri:0, instance:com.logintest.LoginTest@65d6b83b]" started-at="2026-02-09T23:12:02 IST" name="tearDown" finished-at="2026-02-09T23:12:02 IST" duration-ms="83" status="PASS">
          <reporter-output>
          </reporter-output>
        </test-method> <!-- tearDown -->
        <test-method is-config="true" signature="setup()[pri:0, instance:com.logintest.LoginTest@65d6b83b]" started-at="2026-02-09T23:12:02 IST" name="setup" finished-at="2026-02-09T23:12:03 IST" duration-ms="956" status="PASS">
          <reporter-output>
          </reporter-output>
        </test-method> <!-- setup -->
        <test-method signature="testBoundaryMinPassword()[pri:5, instance:com.logintest.LoginTest@65d6b83b]" started-at="2026-02-09T23:12:03 IST" name="testBoundaryMinPassword" description="Test password minimum length boundary" finished-at="2026-02-09T23:12:03 IST" duration-ms="103" status="PASS">
          <reporter-output>
          </reporter-output>
        </test-method> <!-- testBoundaryMinPassword -->
        <test-method is-config="true" signature="tearDown()[pri:0, instance:com.logintest.LoginTest@65d6b83b]" started-at="2026-02-09T23:12:03 IST" name="tearDown" finished-at="2026-02-09T23:12:03 IST" duration-ms="83" status="PASS">
          <reporter-output>
          </reporter-output>
        </test-method> <!-- tearDown -->
        <test-method is-config="true" signature="setup()[pri:0, instance:com.logintest.LoginTest@65d6b83b]" started-at="2026-02-09T23:12:03 IST" name="setup" finished-at="2026-02-09T23:12:04 IST" duration-ms="1106" status="PASS">
          <reporter-output>
          </reporter-output>
        </test-method> <!-- setup -->
        <test-method signature="testSQLInjectionAttempt()[pri:6, instance:com.logintest.LoginTest@65d6b83b]" started-at="2026-02-09T23:12:04 IST" name="testSQLInjectionAttempt" description="Test SQL Injection protection via PreparedStatements" finished-at="2026-02-09T23:12:04 IST" duration-ms="156" status="PASS">
          <reporter-output>
          </reporter-output>
        </test-method> <!-- testSQLInjectionAttempt -->
        <test-method is-config="true" signature="tearDown()[pri:0, instance:com.logintest.LoginTest@65d6b83b]" started-at="2026-02-09T23:12:04 IST" name="tearDown" finished-at="2026-02-09T23:12:04 IST" duration-ms="81" status="PASS">
          <reporter-output>
          </reporter-output>
        </test-method> <!-- tearDown -->
        <test-method is-config="true" signature="setup()[pri:0, instance:com.logintest.LoginTest@65d6b83b]" started-at="2026-02-09T23:12:04 IST" name="setup" finished-at="2026-02-09T23:12:05 IST" duration-ms="994" status="PASS">
          <reporter-output>
          </reporter-output>
        </test-method> <!-- setup -->
        <test-method signature="testPasswordStrength()[pri:7, instance:com.logintest.LoginTest@65d6b83b]" started-at="2026-02-09T23:12:05 IST" name="testPasswordStrength" description="Test Password Strength Validation (Registration Mode)" finished-at="2026-02-09T23:12:06 IST" duration-ms="164" status="PASS">
          <reporter-output>
          </reporter-output>
        </test-method> <!-- testPasswordStrength -->
        <test-method is-config="true" signature="tearDown()[pri:0, instance:com.logintest.LoginTest@65d6b83b]" started-at="2026-02-09T23:12:06 IST" name="tearDown" finished-at="2026-02-09T23:12:06 IST" duration-ms="83" status="PASS">
          <reporter-output>
          </reporter-output>
        </test-method> <!-- tearDown -->
        <test-method is-config="true" signature="cleanupDatabase()[pri:0, instance:com.logintest.LoginTest@65d6b83b]" started-at="2026-02-09T23:12:06 IST" name="cleanupDatabase" finished-at="2026-02-09T23:12:06 IST" duration-ms="1" status="PASS">
          <reporter-output>
          </reporter-output>
        </test-method> <!-- cleanupDatabase -->
      </class> <!-- com.logintest.LoginTest -->
    </test> <!-- Surefire test -->
  </suite> <!-- Surefire suite -->
</testng-results>
